Determining if the log exist failed with the following output:
Change Dir: /home/ecs-user/code/CMake-Learn/code/build/CMakeFiles/CMakeTmp

Run Build Command(s):/usr/bin/make cmTC_8a279/fast && /usr/bin/make -f CMakeFiles/cmTC_8a279.dir/build.make CMakeFiles/cmTC_8a279.dir/build
make[1]: Entering directory '/home/ecs-user/code/CMake-Learn/code/build/CMakeFiles/CMakeTmp'
Building C object CMakeFiles/cmTC_8a279.dir/CheckSymbolExists.c.o
/usr/bin/cc    -o CMakeFiles/cmTC_8a279.dir/CheckSymbolExists.c.o   -c /home/ecs-user/code/CMake-Learn/code/build/CMakeFiles/CMakeTmp/CheckSymbolExists.c
Linking C executable cmTC_8a279
/usr/bin/cmake -E cmake_link_script CMakeFiles/cmTC_8a279.dir/link.txt --verbose=1
/usr/bin/cc      CMakeFiles/cmTC_8a279.dir/CheckSymbolExists.c.o  -o cmTC_8a279 
/usr/bin/ld: CMakeFiles/cmTC_8a279.dir/CheckSymbolExists.c.o: in function `main':
CheckSymbolExists.c:(.text+0x1f): undefined reference to `log'
collect2: error: ld returned 1 exit status
make[1]: *** [CMakeFiles/cmTC_8a279.dir/build.make:87: cmTC_8a279] Error 1
make[1]: Leaving directory '/home/ecs-user/code/CMake-Learn/code/build/CMakeFiles/CMakeTmp'
make: *** [Makefile:121: cmTC_8a279/fast] Error 2


File /home/ecs-user/code/CMake-Learn/code/build/CMakeFiles/CMakeTmp/CheckSymbolExists.c:
/* */
#include <math.h>

int main(int argc, char** argv)
{
  (void)argv;
#ifndef log
  return ((int*)(&log))[argc];
#else
  (void)argc;
  return 0;
#endif
}
Determining if the exp exist failed with the following output:
Change Dir: /home/ecs-user/code/CMake-Learn/code/build/CMakeFiles/CMakeTmp

Run Build Command(s):/usr/bin/make cmTC_80364/fast && /usr/bin/make -f CMakeFiles/cmTC_80364.dir/build.make CMakeFiles/cmTC_80364.dir/build
make[1]: Entering directory '/home/ecs-user/code/CMake-Learn/code/build/CMakeFiles/CMakeTmp'
Building C object CMakeFiles/cmTC_80364.dir/CheckSymbolExists.c.o
/usr/bin/cc    -o CMakeFiles/cmTC_80364.dir/CheckSymbolExists.c.o   -c /home/ecs-user/code/CMake-Learn/code/build/CMakeFiles/CMakeTmp/CheckSymbolExists.c
Linking C executable cmTC_80364
/usr/bin/cmake -E cmake_link_script CMakeFiles/cmTC_80364.dir/link.txt --verbose=1
/usr/bin/cc      CMakeFiles/cmTC_80364.dir/CheckSymbolExists.c.o  -o cmTC_80364 
/usr/bin/ld: CMakeFiles/cmTC_80364.dir/CheckSymbolExists.c.o: in function `main':
CheckSymbolExists.c:(.text+0x1f): undefined reference to `exp'
collect2: error: ld returned 1 exit status
make[1]: *** [CMakeFiles/cmTC_80364.dir/build.make:87: cmTC_80364] Error 1
make[1]: Leaving directory '/home/ecs-user/code/CMake-Learn/code/build/CMakeFiles/CMakeTmp'
make: *** [Makefile:121: cmTC_80364/fast] Error 2


File /home/ecs-user/code/CMake-Learn/code/build/CMakeFiles/CMakeTmp/CheckSymbolExists.c:
/* */
#include <math.h>

int main(int argc, char** argv)
{
  (void)argv;
#ifndef exp
  return ((int*)(&exp))[argc];
#else
  (void)argc;
  return 0;
#endif
}
